2025-03-28T18:22:46Z: args: [
/foo/bar/containerd-shim-skeleton-v1 \
    -namespace moby \
    -address /run/containerd/containerd.sock \
    -publish-binary /usr/bin/containerd \
    -id aa70dfe65d56c3f3b337ad2c6b19ba1f0f07c995607671f25cb9bd3643b6627a \
    start
]
2025-03-28T18:22:46Z: env: PWD=/
2025-03-28T18:22:46Z: env: GRPC_GO_LOG_SEVERITY_LEVEL=error
2025-03-28T18:22:46Z: env: HOME=/
2025-03-28T18:22:46Z: env: vsyscall=emulate
2025-03-28T18:22:46Z: env: TERM=linux
2025-03-28T18:22:46Z: env: GRPC_GO_LOG_VERBOSITY_LEVEL=0
2025-03-28T18:22:46Z: env: SHLVL=1
2025-03-28T18:22:46Z: env: KUBECONFIG=/etc/kubernetes/admin.conf
2025-03-28T18:22:46Z: env: MUTAGEN_DOCKER_DESKTOP_VM=1
2025-03-28T18:22:46Z: env: PATH=/usr/local/containerd.opt/bin:/var/lib/wasm/runtimes:/usr/sbin:/usr/bin:/sbin:/bin
2025-03-28T18:22:46Z: env: _=/usr/bin/lifecycle-server
2025-03-28T18:22:46Z: env: LD_LIBRARY_PATH=/usr/local/containerd.opt/lib:
2025-03-28T18:22:46Z: env: GOMAXPROCS=2
2025-03-28T18:22:46Z: env: MAX_SHIM_VERSION=2
2025-03-28T18:22:46Z: env: TTRPC_ADDRESS=/run/containerd/containerd.sock.ttrpc
2025-03-28T18:22:46Z: env: GRPC_ADDRESS=/run/containerd/containerd.sock
2025-03-28T18:22:46Z: env: NAMESPACE=moby
2025-03-28T18:22:46Z: cwd: /run/desktop-containerd/daemon/io.containerd.runtime.v2.task/moby/aa70dfe65d56c3f3b337ad2c6b19ba1f0f07c995607671f25cb9bd3643b6627a
2025-03-28T18:22:46Z: user: /