2025-03-27T18:02:32Z: args: [/foo/bar/shim --root /var/run/docker/runtime-runc/moby --log /var/run/desktop-containerd/daemon/io.containerd.runtime.v2.task/moby/5baad1ffe1c76ed534413ca62bfa890a30132067745353dcd89b0b7fece6956a/log.json --log-format json create --bundle /var/run/desktop-containerd/daemon/io.containerd.runtime.v2.task/moby/5baad1ffe1c76ed534413ca62bfa890a30132067745353dcd89b0b7fece6956a --pid-file /var/run/desktop-containerd/daemon/io.containerd.runtime.v2.task/moby/5baad1ffe1c76ed534413ca62bfa890a30132067745353dcd89b0b7fece6956a/init.pid --console-socket /tmp/pty3922922661/pty.sock 5baad1ffe1c76ed534413ca62bfa890a30132067745353dcd89b0b7fece6956a]
2025-03-27T18:02:32Z: env: PWD=/
2025-03-27T18:02:32Z: env: GRPC_GO_LOG_SEVERITY_LEVEL=error
2025-03-27T18:02:32Z: env: HOME=/
2025-03-27T18:02:32Z: env: vsyscall=emulate
2025-03-27T18:02:32Z: env: TERM=linux
2025-03-27T18:02:32Z: env: GRPC_GO_LOG_VERBOSITY_LEVEL=0
2025-03-27T18:02:32Z: env: SHLVL=1
2025-03-27T18:02:32Z: env: KUBECONFIG=/etc/kubernetes/admin.conf
2025-03-27T18:02:32Z: env: MUTAGEN_DOCKER_DESKTOP_VM=1
2025-03-27T18:02:32Z: env: PATH=/usr/local/containerd.opt/bin:/var/lib/wasm/runtimes:/usr/sbin:/usr/bin:/sbin:/bin
2025-03-27T18:02:32Z: env: _=/usr/bin/lifecycle-server
2025-03-27T18:02:32Z: env: LD_LIBRARY_PATH=/usr/local/containerd.opt/lib:
2025-03-27T18:02:32Z: env: MAX_SHIM_VERSION=2
2025-03-27T18:02:32Z: env: TTRPC_ADDRESS=/run/containerd/containerd.sock.ttrpc
2025-03-27T18:02:32Z: env: GRPC_ADDRESS=/run/containerd/containerd.sock
2025-03-27T18:02:32Z: env: NAMESPACE=moby
2025-03-27T18:02:32Z: env: GOMAXPROCS=4
2025-03-27T18:02:32Z: cwd: /run/desktop-containerd/daemon/io.containerd.runtime.v2.task/moby/5baad1ffe1c76ed534413ca62bfa890a30132067745353dcd89b0b7fece6956a
2025-03-27T18:02:32Z: user: /